info: we are connted to server {"timestamp":"2022-03-21T12:13:53.420Z"}
error: server is running succrssfully {"timestamp":"2022-03-21T13:41:02.944Z"}
error:  {"timestamp":"2022-03-21T13:41:05.418Z"}
error: error {"timestamp":"2022-03-21T13:41:08.130Z"}
info: info {"timestamp":"2022-03-21T14:56:23.257Z"}
error: error {"timestamp":"2022-03-21T14:58:57.994Z"}
error: error {"timestamp":"2022-03-21T15:00:42.012Z"}
error: error {"timestamp":"2022-03-21T15:01:56.905Z"}
error: error {"timestamp":"2022-03-21T15:03:31.020Z"}
error: server is running succrssfully {"timestamp":"2022-03-21T15:04:43.997Z"}
error:  {"timestamp":"2022-03-21T15:04:46.708Z"}
error: error {"timestamp":"2022-03-21T15:04:48.464Z"}
error: error {"timestamp":"2022-03-21T15:05:41.012Z"}
error: error {"timestamp":"2022-03-21T15:06:01.948Z"}
error: error {"timestamp":"2022-03-21T15:06:10.384Z"}
error: error {"timestamp":"2022-03-21T15:06:15.849Z"}
error: error {"timestamp":"2022-03-21T15:06:34.075Z"}
error: error {"timestamp":"2022-03-21T15:08:21.393Z"}
error: error {"timestamp":"2022-03-21T15:08:43.855Z"}
error: error {"timestamp":"2022-03-21T15:09:31.895Z"}
error: error {"timestamp":"2022-03-21T15:09:41.959Z"}
error: error {"timestamp":"2022-03-21T15:10:01.477Z"}
error: error {"timestamp":"2022-03-21T15:10:10.892Z"}
error: error {"timestamp":"2022-03-21T15:10:17.536Z"}
error: error {"timestamp":"2022-03-21T15:10:23.103Z"}
error: error {"timestamp":"2022-03-21T15:10:26.720Z"}
error: error {"timestamp":"2022-03-21T15:10:29.431Z"}
error: error {"timestamp":"2022-03-21T15:10:31.221Z"}
error: error {"timestamp":"2022-03-21T15:10:32.419Z"}
error: error {"timestamp":"2022-03-21T15:10:38.865Z"}
error: error {"timestamp":"2022-03-21T15:10:41.665Z"}
error: error {"timestamp":"2022-03-21T15:10:51.179Z"}
error: error {"timestamp":"2022-03-21T15:12:00.210Z"}
error: error {"timestamp":"2022-03-21T15:18:47.671Z"}
error: error {"timestamp":"2022-03-21T15:18:56.087Z"}
error: error {"timestamp":"2022-03-21T15:19:15.669Z"}
error: error {"timestamp":"2022-03-21T15:20:29.462Z"}
error: error {"timestamp":"2022-03-21T15:21:00.835Z"}
error: Question saved succrssfully {"timestamp":"2022-03-21T15:21:04.606Z"}
error: error {"timestamp":"2022-03-21T15:21:53.148Z"}
error: error {"timestamp":"2022-03-21T15:21:57.769Z"}
error: error {"timestamp":"2022-03-21T15:22:01.413Z"}
error: error {"timestamp":"2022-03-21T15:22:06.867Z"}
info: Question saved succrssfully {"timestamp":"2022-03-21T15:22:50.275Z"}
error: error {"timestamp":"2022-03-21T15:23:20.713Z"}
error: error {"timestamp":"2022-03-21T15:23:23.168Z"}
info: Question saved successfully {"timestamp":"2022-03-21T15:25:41.144Z"}
info: deleted succcesfully {"timestamp":"2022-03-21T15:33:01.295Z"}
info: deleted succcesfully {"timestamp":"2022-03-21T15:34:31.359Z"}
info: Successfully replaced the  document {"timestamp":"2022-03-21T15:35:43.238Z"}
info: Question saved successfully {"timestamp":"2022-03-21T16:02:55.759Z"}
info: Successfully replaced the  document {"timestamp":"2022-03-21T16:03:45.104Z"}
